
*** Running vivado
    with args -log blk_mem_gen_0.vds -m64 -product Vivado -mode batch -messageDb vivado.pb -notrace -source blk_mem_gen_0.tcl


****** Vivado v2016.4 (64-bit)
  **** SW Build 1756540 on Mon Jan 23 19:11:19 MST 2017
  **** IP Build 1755317 on Mon Jan 23 20:30:07 MST 2017
    ** Copyright 1986-2016 Xilinx, Inc. All Rights Reserved.

source blk_mem_gen_0.tcl -notrace
Starting RTL Elaboration : Time (s): cpu = 00:00:09 ; elapsed = 00:00:09 . Memory (MB): peak = 1109.562 ; gain = 179.086 ; free physical = 1073 ; free virtual = 11210
INFO: [Synth 8-638] synthesizing module 'blk_mem_gen_0' [/home/jltm/Documents/VivadoProjects/SecureBoot/SecureBoot.srcs/sources_1/ip/blk_mem_gen_0/synth/blk_mem_gen_0.vhd:68]
INFO: [Synth 8-256] done synthesizing module 'blk_mem_gen_0' (9#1) [/home/jltm/Documents/VivadoProjects/SecureBoot/SecureBoot.srcs/sources_1/ip/blk_mem_gen_0/synth/blk_mem_gen_0.vhd:68]
Finished RTL Elaboration : Time (s): cpu = 00:00:54 ; elapsed = 00:00:54 . Memory (MB): peak = 1310.234 ; gain = 379.758 ; free physical = 827 ; free virtual = 10986
Finished RTL Optimization Phase 1 : Time (s): cpu = 00:00:54 ; elapsed = 00:00:54 . Memory (MB): peak = 1310.234 ; gain = 379.758 ; free physical = 827 ; free virtual = 10985
INFO: [Device 21-403] Loading part xc7z010clg400-1
Constraint Validation Runtime : Time (s): cpu = 00:00:00.04 ; elapsed = 00:00:00.05 . Memory (MB): peak = 1430.266 ; gain = 1.000 ; free physical = 756 ; free virtual = 10935
Finished Constraint Validation : Time (s): cpu = 00:01:04 ; elapsed = 00:01:06 . Memory (MB): peak = 1430.266 ; gain = 499.789 ; free physical = 754 ; free virtual = 10934
Finished Loading Part and Timing Information : Time (s): cpu = 00:01:04 ; elapsed = 00:01:06 . Memory (MB): peak = 1430.266 ; gain = 499.789 ; free physical = 754 ; free virtual = 10934
Finished applying 'set_property' XDC Constraints : Time (s): cpu = 00:01:04 ; elapsed = 00:01:06 . Memory (MB): peak = 1430.266 ; gain = 499.789 ; free physical = 754 ; free virtual = 10934
Finished RTL Optimization Phase 2 : Time (s): cpu = 00:01:05 ; elapsed = 00:01:06 . Memory (MB): peak = 1430.266 ; gain = 499.789 ; free physical = 753 ; free virtual = 10933
Finished Cross Boundary and Area Optimization : Time (s): cpu = 00:01:05 ; elapsed = 00:01:06 . Memory (MB): peak = 1430.266 ; gain = 499.789 ; free physical = 753 ; free virtual = 10933
Finished Applying XDC Timing Constraints : Time (s): cpu = 00:01:12 ; elapsed = 00:01:14 . Memory (MB): peak = 1430.266 ; gain = 499.789 ; free physical = 740 ; free virtual = 10925
Finished Timing Optimization : Time (s): cpu = 00:01:13 ; elapsed = 00:01:14 . Memory (MB): peak = 1430.266 ; gain = 499.789 ; free physical = 739 ; free virtual = 10925
Finished Technology Mapping : Time (s): cpu = 00:01:13 ; elapsed = 00:01:14 . Memory (MB): peak = 1430.266 ; gain = 499.789 ; free physical = 730 ; free virtual = 10915
Finished IO Insertion : Time (s): cpu = 00:01:13 ; elapsed = 00:01:15 . Memory (MB): peak = 1430.266 ; gain = 499.789 ; free physical = 730 ; free virtual = 10915
Finished Renaming Generated Instances : Time (s): cpu = 00:01:13 ; elapsed = 00:01:15 . Memory (MB): peak = 1430.266 ; gain = 499.789 ; free physical = 730 ; free virtual = 10915
Finished Rebuilding User Hierarchy : Time (s): cpu = 00:01:13 ; elapsed = 00:01:15 . Memory (MB): peak = 1430.266 ; gain = 499.789 ; free physical = 730 ; free virtual = 10915
Finished Renaming Generated Ports : Time (s): cpu = 00:01:13 ; elapsed = 00:01:15 . Memory (MB): peak = 1430.266 ; gain = 499.789 ; free physical = 730 ; free virtual = 10915
Finished Handling Custom Attributes : Time (s): cpu = 00:01:13 ; elapsed = 00:01:15 . Memory (MB): peak = 1430.266 ; gain = 499.789 ; free physical = 729 ; free virtual = 10915
Finished Renaming Generated Nets : Time (s): cpu = 00:01:13 ; elapsed = 00:01:15 . Memory (MB): peak = 1430.266 ; gain = 499.789 ; free physical = 729 ; free virtual = 10915

Report Cell Usage: 
+------+---------+------+
|      |Cell     |Count |
+------+---------+------+
|1     |RAMB36E1 |     4|
+------+---------+------+
Finished Writing Synthesis Report : Time (s): cpu = 00:01:13 ; elapsed = 00:01:15 . Memory (MB): peak = 1430.266 ; gain = 499.789 ; free physical = 729 ; free virtual = 10915
synth_design: Time (s): cpu = 00:01:10 ; elapsed = 00:01:12 . Memory (MB): peak = 1430.781 ; gain = 402.801 ; free physical = 711 ; free virtual = 10898
