16:21:05 INFO  : Registering command handlers for SDK TCF services
16:21:14 INFO  : Launching XSCT server: xsct -n -interactive /home/jltm/Documents/VivadoProjects/SecureBoot/SecureBoot.sdk/temp_xsdb_launch_script.tcl
16:21:18 INFO  : XSCT server has started successfully.
16:21:18 INFO  : Successfully done setting XSCT server connection channel  
16:21:24 INFO  : Successfully done setting SDK workspace  
16:21:24 INFO  : Processing command line option -hwspec /home/jltm/Documents/VivadoProjects/SecureBoot/SecureBoot.sdk/zybo_design_1_wrapper.hdf.
16:27:40 INFO  : Invoking Bootgen: bootgen -image fsbl.bif -arch zynq -o /home/jltm/Documents/VivadoProjects/SecureBoot/SecureBoot.sdk/fsbl/bootimage/BOOT.mcs
16:27:40 INFO  : Creating new bif file /home/jltm/Documents/VivadoProjects/SecureBoot/SecureBoot.sdk/fsbl/bootimage/fsbl.bif
16:27:40 INFO  : Bootgen command execution is done.
09:03:00 INFO  : Registering command handlers for SDK TCF services
09:03:01 INFO  : Launching XSCT server: xsct -n -interactive /home/jltm/Documents/VivadoProjects/SecureBoot/SecureBoot.sdk/temp_xsdb_launch_script.tcl
09:03:04 INFO  : XSCT server has started successfully.
09:03:04 INFO  : Successfully done setting XSCT server connection channel  
09:03:11 INFO  : Successfully done setting SDK workspace  
09:03:11 INFO  : Processing command line option -hwspec /home/jltm/Documents/VivadoProjects/SecureBoot/SecureBoot.sdk/zybo_design_1_wrapper.hdf.
09:03:15 INFO  : Checking for hwspec changes in the project zybo_design_1_wrapper_hw_platform_0.
09:58:48 INFO  : Registering command handlers for SDK TCF services
09:58:48 INFO  : Launching XSCT server: xsct -n -interactive /home/jltm/Documents/VivadoProjects/SecureBoot/SecureBoot.sdk/temp_xsdb_launch_script.tcl
09:58:49 INFO  : XSCT server has started successfully.
09:58:49 INFO  : Successfully done setting XSCT server connection channel  
09:58:49 INFO  : Successfully done setting SDK workspace  
09:58:49 INFO  : Processing command line option -hwspec /home/jltm/Documents/VivadoProjects/SecureBoot/SecureBoot.sdk/zybo_design_1_wrapper.hdf.
09:58:49 INFO  : Checking for hwspec changes in the project zybo_design_1_wrapper_hw_platform_0.
10:30:38 INFO  : Registering command handlers for SDK TCF services
10:30:39 INFO  : Launching XSCT server: xsct -n -interactive /home/jltm/Documents/VivadoProjects/SecureBoot/SecureBoot.sdk/temp_xsdb_launch_script.tcl
10:30:42 INFO  : XSCT server has started successfully.
10:30:49 INFO  : Successfully done setting XSCT server connection channel  
10:30:49 INFO  : Successfully done setting SDK workspace  
10:30:49 INFO  : Processing command line option -hwspec /home/jltm/Documents/VivadoProjects/SecureBoot/SecureBoot.sdk/zybo_design_1_wrapper.hdf.
10:30:49 INFO  : Checking for hwspec changes in the project zybo_design_1_wrapper_hw_platform_0.
11:05:10 INFO  : SDK has detected change in the last modified timestamps for source hardware specification file Source:1493719434000,  Project:1493477743000
11:05:10 INFO  : Project zybo_design_1_wrapper_hw_platform_0's source hardware specification located at /home/jltm/Documents/VivadoProjects/SecureBoot/SecureBoot.sdk/zybo_design_1_wrapper.hdf is now different from the local copy.
		 The local copy will be replaced with the source specification and your workspace will be updated.
11:05:27 INFO  : Copied contents of /home/jltm/Documents/VivadoProjects/SecureBoot/SecureBoot.sdk/zybo_design_1_wrapper.hdf into /zybo_design_1_wrapper_hw_platform_0/system.hdf.
11:05:41 INFO  : Synchronizing projects in the workspace with the hardware platform specification changes.
11:05:44 INFO  : 
11:05:45 INFO  : Updating hardware inferred compiler options for fsbl.
11:05:45 INFO  : Clearing existing target manager status.
11:05:50 INFO  : Workspace synchronized with the new hardware specification file. Cleaning dependent projects...
11:05:50 WARN  : Linker script will not be updated automatically. Users need to update it manually.
12:02:20 ERROR : Unexpected error while parsing XMD response ￿: com.google.gson.JsonSyntaxException: com.google.gson.stream.MalformedJsonException: invalid number or unquoted string near 
13:28:51 INFO  : Registering command handlers for SDK TCF services
13:28:53 INFO  : Launching XSCT server: xsct -n -interactive /home/jltm/Documents/VivadoProjects/SecureBoot/SecureBoot.sdk/temp_xsdb_launch_script.tcl
13:28:58 INFO  : XSCT server has started successfully.
13:29:06 INFO  : Successfully done setting XSCT server connection channel  
13:29:07 INFO  : Processing command line option -hwspec /home/jltm/Documents/VivadoProjects/SecureBoot/SecureBoot.sdk/zybo_design_1_wrapper.hdf.
13:29:09 INFO  : Successfully done setting SDK workspace  
13:29:10 INFO  : Checking for hwspec changes in the project zybo_design_1_wrapper_hw_platform_0.
13:32:09 INFO  : Invoking Bootgen: bootgen -image fsbl.bif -arch zynq -o /home/jltm/Documents/VivadoProjects/SecureBoot/SecureBoot.sdk/fsbl/bootimage/BOOT.mcs -w on
13:32:09 INFO  : Bootgen command execution is done.
13:38:28 INFO  : Registering command handlers for SDK TCF services
13:38:30 INFO  : Launching XSCT server: xsct -n -interactive /home/jltm/Documents/VivadoProjects/SecureBoot/SecureBoot.sdk/temp_xsdb_launch_script.tcl
13:38:33 INFO  : XSCT server has started successfully.
13:38:40 INFO  : Successfully done setting XSCT server connection channel  
13:38:40 INFO  : Processing command line option -hwspec /home/jltm/Documents/VivadoProjects/SecureBoot/SecureBoot.sdk/zybo_design_1_wrapper.hdf.
13:38:43 INFO  : Successfully done setting SDK workspace  
13:38:43 INFO  : Checking for hwspec changes in the project zybo_design_1_wrapper_hw_platform_0.
14:00:49 INFO  : Registering command handlers for SDK TCF services
14:00:49 INFO  : Launching XSCT server: xsct -n -interactive /home/jltm/Documents/VivadoProjects/SecureBoot/SecureBoot.sdk/temp_xsdb_launch_script.tcl
14:00:50 INFO  : XSCT server has started successfully.
14:00:50 INFO  : Successfully done setting XSCT server connection channel  
14:00:50 INFO  : Successfully done setting SDK workspace  
14:00:50 INFO  : Processing command line option -hwspec /home/jltm/Documents/VivadoProjects/SecureBoot/SecureBoot.sdk/zybo_design_1_wrapper.hdf.
14:00:50 INFO  : Checking for hwspec changes in the project zybo_design_1_wrapper_hw_platform_0.
14:26:51 INFO  : Connected to target on host '127.0.0.1' and port '3121'.
14:27:10 INFO  : Connected to target on host '127.0.0.1' and port '3121'.
14:27:57 INFO  : Connected to target on host '127.0.0.1' and port '3121'.
15:49:39 INFO  : Registering command handlers for SDK TCF services
15:49:39 INFO  : Launching XSCT server: xsct -n -interactive /home/jltm/Documents/VivadoProjects/SecureBoot/SecureBoot.sdk/temp_xsdb_launch_script.tcl
15:49:40 INFO  : XSCT server has started successfully.
15:49:41 INFO  : Successfully done setting XSCT server connection channel  
15:49:41 INFO  : Successfully done setting SDK workspace  
15:49:41 INFO  : Processing command line option -hwspec /home/jltm/Documents/VivadoProjects/SecureBoot/SecureBoot.sdk/zybo_design_1_wrapper.hdf.
15:49:41 INFO  : Checking for hwspec changes in the project zybo_design_1_wrapper_hw_platform_0.
15:50:35 INFO  : Registering command handlers for SDK TCF services
15:50:36 INFO  : Launching XSCT server: xsct -n -interactive /home/jltm/Documents/VivadoProjects/SecureBoot/SecureBoot.sdk/temp_xsdb_launch_script.tcl
15:50:37 INFO  : XSCT server has started successfully.
15:50:37 INFO  : Successfully done setting XSCT server connection channel  
15:50:37 INFO  : Successfully done setting SDK workspace  
15:50:37 INFO  : Processing command line option -hwspec /home/jltm/Documents/VivadoProjects/SecureBoot/SecureBoot.sdk/zybo_design_1_wrapper.hdf.
15:50:37 INFO  : Checking for hwspec changes in the project zybo_design_1_wrapper_hw_platform_0.
15:53:41 INFO  : Registering command handlers for SDK TCF services
15:53:41 INFO  : Launching XSCT server: xsct -n -interactive /home/jltm/Documents/VivadoProjects/SecureBoot/SecureBoot.sdk/temp_xsdb_launch_script.tcl
15:53:42 INFO  : XSCT server has started successfully.
15:53:42 INFO  : Successfully done setting XSCT server connection channel  
15:53:42 INFO  : Successfully done setting SDK workspace  
15:53:42 INFO  : Processing command line option -hwspec /home/jltm/Documents/VivadoProjects/SecureBoot/SecureBoot.sdk/zybo_design_1_wrapper.hdf.
15:53:43 INFO  : Checking for hwspec changes in the project zybo_design_1_wrapper_hw_platform_0.
21:31:37 INFO  : Registering command handlers for SDK TCF services
21:31:38 INFO  : Launching XSCT server: xsct -n -interactive /home/jltm/Documents/VivadoProjects/SecureBoot/SecureBoot.sdk/temp_xsdb_launch_script.tcl
21:31:42 INFO  : XSCT server has started successfully.
21:31:47 INFO  : Successfully done setting XSCT server connection channel  
21:31:47 INFO  : Successfully done setting SDK workspace  
21:31:48 INFO  : Processing command line option -hwspec /home/jltm/Documents/VivadoProjects/SecureBoot/SecureBoot.sdk/zybo_design_1_wrapper.hdf.
21:31:48 INFO  : Checking for hwspec changes in the project zybo_design_1_wrapper_hw_platform_0.
09:03:22 INFO  : Registering command handlers for SDK TCF services
09:03:24 INFO  : Launching XSCT server: xsct -n -interactive /home/jltm/Documents/VivadoProjects/SecureBoot/SecureBoot.sdk/temp_xsdb_launch_script.tcl
09:03:30 INFO  : XSCT server has started successfully.
09:03:48 INFO  : Successfully done setting XSCT server connection channel  
09:03:48 INFO  : Processing command line option -hwspec /home/jltm/Documents/VivadoProjects/SecureBoot/SecureBoot.sdk/zybo_design_1_wrapper.hdf.
09:03:53 INFO  : Successfully done setting SDK workspace  
09:03:54 INFO  : Checking for hwspec changes in the project zybo_design_1_wrapper_hw_platform_0.
09:06:09 INFO  : Invoking Bootgen: bootgen -image HelloWorld.bif -arch zynq -o /home/jltm/Documents/VivadoProjects/SecureBoot/SecureBoot.sdk/HelloWorld/bootimage/BOOT.mcs
09:06:09 INFO  : Creating new bif file /home/jltm/Documents/VivadoProjects/SecureBoot/SecureBoot.sdk/HelloWorld/bootimage/HelloWorld.bif
09:06:09 INFO  : Bootgen command execution is done.
09:22:31 INFO  : Registering command handlers for SDK TCF services
09:22:32 INFO  : Launching XSCT server: xsct -n -interactive /home/jltm/Documents/VivadoProjects/SecureBoot/SecureBoot.sdk/temp_xsdb_launch_script.tcl
09:22:33 INFO  : XSCT server has started successfully.
09:22:33 INFO  : Successfully done setting XSCT server connection channel  
09:22:33 INFO  : Successfully done setting SDK workspace  
09:22:33 INFO  : Processing command line option -hwspec /home/jltm/Documents/VivadoProjects/SecureBoot/SecureBoot.sdk/zybo_design_1_wrapper.hdf.
09:22:33 INFO  : Checking for hwspec changes in the project zybo_design_1_wrapper_hw_platform_0.
10:27:47 INFO  : Invoking Bootgen: bootgen -image HelloWorld.bif -arch zynq -o /home/jltm/Documents/VivadoProjects/SecureBoot/SecureBoot.sdk/HelloWorld/bootimage/BOOT.mcs -w on -encrypt bbram
10:27:47 INFO  : Overwriting existing bif file /home/jltm/Documents/VivadoProjects/SecureBoot/SecureBoot.sdk/HelloWorld/bootimage/HelloWorld.bif
10:27:48 INFO  : Bootgen command execution is done.
10:59:24 INFO  : Invoking Bootgen: bootgen -image fsbl.bif -arch zynq -o /home/jltm/Documents/VivadoProjects/SecureBoot/SecureBoot.sdk/fsbl/bootimage/BOOT.mcs -w on -encrypt bbram
10:59:24 INFO  : Overwriting existing bif file /home/jltm/Documents/VivadoProjects/SecureBoot/SecureBoot.sdk/fsbl/bootimage/fsbl.bif
10:59:25 INFO  : Bootgen command execution is done.
11:06:51 INFO  : Invoking Bootgen: bootgen -image HelloWorld.bif -arch zynq -o /home/jltm/Documents/VivadoProjects/SecureBoot/SecureBoot.sdk/HelloWorld/bootimage/BOOT.mcs -w on -encrypt bbram
11:06:51 INFO  : Overwriting existing bif file /home/jltm/Documents/VivadoProjects/SecureBoot/SecureBoot.sdk/HelloWorld/bootimage/HelloWorld.bif
11:06:51 INFO  : Bootgen command execution is done.
09:07:01 INFO  : Registering command handlers for SDK TCF services
09:07:02 INFO  : Launching XSCT server: xsct -n -interactive /home/jltm/Documents/VivadoProjects/SecureBoot/SecureBoot.sdk/temp_xsdb_launch_script.tcl
09:07:05 INFO  : XSCT server has started successfully.
09:07:05 INFO  : Successfully done setting XSCT server connection channel  
09:07:10 INFO  : Successfully done setting SDK workspace  
09:07:10 INFO  : Processing command line option -hwspec /home/jltm/Documents/VivadoProjects/SecureBoot/SecureBoot.sdk/zybo_design_1_wrapper.hdf.
09:07:10 INFO  : Checking for hwspec changes in the project zybo_design_1_wrapper_hw_platform_0.
09:22:00 INFO  : Refreshed build settings on project HelloWorld
09:22:00 INFO  : Refreshed build settings on project fsbl
09:26:15 INFO  : Invoking Bootgen: bootgen -image HelloWorld.bif -arch zynq -o /home/jltm/Documents/VivadoProjects/SecureBoot/SecureBoot.sdk/HelloWorld/bootimage/BOOT.mcs -w on -encrypt bbram
09:26:16 INFO  : Bootgen command execution is done.
11:06:40 INFO  : Invoking Bootgen: bootgen -image HelloWorld.bif -arch zynq -o /home/jltm/Documents/VivadoProjects/SecureBoot/SecureBoot.sdk/HelloWorld/bootimage/BOOT.mcs -w on
11:06:40 INFO  : Overwriting existing bif file /home/jltm/Documents/VivadoProjects/SecureBoot/SecureBoot.sdk/HelloWorld/bootimage/HelloWorld.bif
11:06:40 INFO  : Bootgen command execution is done.
11:07:30 INFO  : Invoking Bootgen: bootgen -image HelloWorld.bif -arch zynq -o /home/jltm/Documents/VivadoProjects/SecureBoot/SecureBoot.sdk/HelloWorld/bootimage/BOOT.mcs -w on
11:07:30 INFO  : Bootgen command execution is done.
11:09:09 INFO  : Invoking Bootgen: bootgen -image HelloWorld.bif -arch zynq -o /home/jltm/Documents/VivadoProjects/SecureBoot/SecureBoot.sdk/HelloWorld/bootimage/BOOT.mcs
11:09:09 INFO  : Overwriting existing bif file /home/jltm/Documents/VivadoProjects/SecureBoot/SecureBoot.sdk/HelloWorld/bootimage/HelloWorld.bif
11:09:10 INFO  : Bootgen command execution is done.
11:12:59 INFO  : Registering command handlers for SDK TCF services
11:12:59 INFO  : Launching XSCT server: xsct -n -interactive /home/jltm/Documents/VivadoProjects/SecureBoot/SecureBoot.sdk/temp_xsdb_launch_script.tcl
11:13:00 INFO  : XSCT server has started successfully.
11:13:01 INFO  : Successfully done setting XSCT server connection channel  
11:13:01 INFO  : Successfully done setting SDK workspace  
11:13:01 INFO  : Processing command line option -hwspec /home/jltm/Documents/VivadoProjects/SecureBoot/SecureBoot.sdk/zybo_design_1_wrapper.hdf.
11:13:01 INFO  : Checking for hwspec changes in the project zybo_design_1_wrapper_hw_platform_0.
11:13:24 INFO  : Invoking Bootgen: bootgen -image HelloWorld.bif -arch zynq -o /home/jltm/Documents/VivadoProjects/SecureBoot/SecureBoot.sdk/HelloWorld/bootimage/BOOT.mcs -w on
11:13:24 INFO  : Bootgen command execution is done.
11:21:48 INFO  : Invoking Bootgen: bootgen -image HelloWorld.bif -arch zynq -o /home/jltm/Documents/VivadoProjects/SecureBoot/SecureBoot.sdk/HelloWorld/bootimage/BOOT.mcs -w on -encrypt bbram
11:21:48 INFO  : Overwriting existing bif file /home/jltm/Documents/VivadoProjects/SecureBoot/SecureBoot.sdk/HelloWorld/bootimage/HelloWorld.bif
11:21:50 INFO  : Bootgen command execution is done.
11:33:00 INFO  : Invoking Bootgen: bootgen -image HelloWorld.bif -arch zynq -o /home/jltm/Documents/VivadoProjects/SecureBoot/SecureBoot.sdk/HelloWorld/bootimage/BOOT.mcs -w on -encrypt bbram
11:33:02 INFO  : Bootgen command execution is done.
13:40:10 INFO  : Registering command handlers for SDK TCF services
13:40:11 INFO  : Launching XSCT server: xsct -n -interactive /home/jltm/Documents/VivadoProjects/SecureBoot/SecureBoot.sdk/temp_xsdb_launch_script.tcl
13:40:16 INFO  : XSCT server has started successfully.
13:40:22 INFO  : Successfully done setting XSCT server connection channel  
13:40:22 INFO  : Successfully done setting SDK workspace  
13:40:22 INFO  : Processing command line option -hwspec /home/jltm/Documents/VivadoProjects/SecureBoot/SecureBoot.sdk/zybo_design_1_wrapper.hdf.
13:40:22 INFO  : Checking for hwspec changes in the project zybo_design_1_wrapper_hw_platform_0.
09:02:41 INFO  : Registering command handlers for SDK TCF services
09:02:42 INFO  : Launching XSCT server: xsct -n -interactive /home/jltm/Documents/VivadoProjects/SecureBoot/SecureBoot.sdk/temp_xsdb_launch_script.tcl
09:02:46 INFO  : XSCT server has started successfully.
09:02:46 INFO  : Successfully done setting XSCT server connection channel  
09:02:51 INFO  : Successfully done setting SDK workspace  
09:02:51 INFO  : Processing command line option -hwspec /home/jltm/Documents/VivadoProjects/SecureBoot/SecureBoot.sdk/zybo_design_1_wrapper.hdf.
09:02:51 INFO  : Checking for hwspec changes in the project zybo_design_1_wrapper_hw_platform_0.
09:09:16 INFO  : Registering command handlers for SDK TCF services
09:09:17 INFO  : Launching XSCT server: xsct -n -interactive /home/jltm/Documents/VivadoProjects/SecureBoot/SecureBoot.sdk/temp_xsdb_launch_script.tcl
09:09:20 INFO  : XSCT server has started successfully.
09:09:20 INFO  : Successfully done setting XSCT server connection channel  
09:09:26 INFO  : Successfully done setting SDK workspace  
09:09:26 INFO  : Processing command line option -hwspec /home/jltm/Documents/VivadoProjects/SecureBoot/SecureBoot.sdk/zybo_design_1_wrapper.hdf.
09:09:27 INFO  : Checking for hwspec changes in the project zybo_design_1_wrapper_hw_platform_0.
09:10:49 INFO  : Registering command handlers for SDK TCF services
09:10:50 INFO  : Launching XSCT server: xsct -n -interactive /home/jltm/Documents/VivadoProjects/SecureBoot/SecureBoot.sdk/temp_xsdb_launch_script.tcl
09:10:51 INFO  : XSCT server has started successfully.
09:10:51 INFO  : Successfully done setting XSCT server connection channel  
09:10:51 INFO  : Successfully done setting SDK workspace  
09:10:51 INFO  : Processing command line option -hwspec /home/jltm/Documents/VivadoProjects/SecureBoot/SecureBoot.sdk/zybo_design_1_wrapper.hdf.
09:10:51 INFO  : Checking for hwspec changes in the project zybo_design_1_wrapper_hw_platform_0.
09:24:44 INFO  : Invoking Bootgen: bootgen -image HelloWorld.bif -arch zynq -o /home/jltm/Documents/VivadoProjects/SecureBoot/SecureBoot.sdk/HelloWorld/bootimage/BOOT.mcs -w on
09:24:44 INFO  : Overwriting existing bif file /home/jltm/Documents/VivadoProjects/SecureBoot/SecureBoot.sdk/HelloWorld/bootimage/HelloWorld.bif
09:24:45 INFO  : Bootgen command execution is done.
09:26:17 INFO  : Invoking Bootgen: bootgen -image HelloWorld.bif -arch zynq -o /home/jltm/Documents/VivadoProjects/SecureBoot/SecureBoot.sdk/HelloWorld/bootimage/BOOT.mcs
09:26:18 INFO  : Bootgen command execution is done.
09:28:21 INFO  : Invoking Bootgen: bootgen -image HelloWorld.bif -arch zynq -o /home/jltm/Documents/VivadoProjects/SecureBoot/SecureBoot.sdk/HelloWorld/bootimage/BOOT.mcs -w on
09:28:22 INFO  : Bootgen command execution is done.
09:32:38 INFO  : Invoking Bootgen: bootgen -image HelloWorld.bif -arch zynq -o /home/jltm/Documents/VivadoProjects/SecureBoot/SecureBoot.sdk/HelloWorld/bootimage/BOOT.mcs -w on
09:32:38 INFO  : Bootgen command execution is done.
09:36:22 INFO  : Invoking Bootgen: bootgen -image HelloWorld.bif -arch zynq -o /home/jltm/Documents/VivadoProjects/SecureBoot/SecureBoot.sdk/HelloWorld/bootimage/BOOT.mcs -w on
09:36:23 INFO  : Bootgen command execution is done.
09:40:03 INFO  : Registering command handlers for SDK TCF services
09:40:03 INFO  : Launching XSCT server: xsct -n -interactive /home/jltm/Documents/VivadoProjects/SecureBoot/SecureBoot.sdk/temp_xsdb_launch_script.tcl
09:40:04 INFO  : XSCT server has started successfully.
09:40:05 INFO  : Successfully done setting XSCT server connection channel  
09:40:05 INFO  : Successfully done setting SDK workspace  
09:40:05 INFO  : Processing command line option -hwspec /home/jltm/Documents/VivadoProjects/SecureBoot/SecureBoot.sdk/zybo_design_1_wrapper.hdf.
09:40:05 INFO  : Checking for hwspec changes in the project zybo_design_1_wrapper_hw_platform_0.
09:43:10 INFO  : Registering command handlers for SDK TCF services
09:43:11 INFO  : Launching XSCT server: xsct -n -interactive /home/jltm/Documents/VivadoProjects/SecureBoot/SecureBoot.sdk/temp_xsdb_launch_script.tcl
09:43:14 INFO  : XSCT server has started successfully.
09:43:20 INFO  : Successfully done setting XSCT server connection channel  
09:43:20 INFO  : Processing command line option -hwspec /home/jltm/Documents/VivadoProjects/SecureBoot/SecureBoot.sdk/zybo_design_1_wrapper.hdf.
09:43:23 INFO  : Successfully done setting SDK workspace  
09:43:23 INFO  : Checking for hwspec changes in the project zybo_design_1_wrapper_hw_platform_0.
09:43:55 INFO  : Invoking Bootgen: bootgen -image HelloWorld.bif -arch zynq -o /home/jltm/Documents/VivadoProjects/SecureBoot/SecureBoot.sdk/HelloWorld/bootimage/BOOT.mcs -w on
09:43:56 INFO  : Bootgen command execution is done.
09:51:06 INFO  : Invoking Bootgen: bootgen -image HelloWorld.bif -arch zynq -o /home/jltm/Documents/VivadoProjects/SecureBoot/SecureBoot.sdk/HelloWorld/bootimage/BOOT.mcs -w on
09:51:07 INFO  : Bootgen command execution is done.
10:08:15 INFO  : Invoking Bootgen: bootgen -image HelloWorld.bif -arch zynq -o /home/jltm/Documents/VivadoProjects/SecureBoot/SecureBoot.sdk/HelloWorld/bootimage/BOOT.mcs -w on
10:08:16 INFO  : Bootgen command execution is done.
10:13:10 INFO  : Invoking Bootgen: bootgen -image HelloWorld.bif -arch zynq -o /home/jltm/Documents/VivadoProjects/SecureBoot/SecureBoot.sdk/HelloWorld/bootimage/BOOT.mcs -w on
10:13:11 INFO  : Bootgen command execution is done.
10:17:28 INFO  : Invoking Bootgen: bootgen -image HelloWorld.bif -arch zynq -o /home/jltm/Documents/VivadoProjects/SecureBoot/SecureBoot.sdk/HelloWorld/bootimage/BOOT.mcs -w on
10:17:29 INFO  : Bootgen command execution is done.
10:25:18 INFO  : Invoking Bootgen: bootgen -image HelloWorld.bif -arch zynq -o /home/jltm/Documents/VivadoProjects/SecureBoot/SecureBoot.sdk/HelloWorld/bootimage/BOOT.mcs -w on
10:25:19 INFO  : Bootgen command execution is done.
10:34:12 INFO  : Invoking Bootgen: bootgen -image HelloWorld.bif -arch zynq -o /home/jltm/Documents/VivadoProjects/SecureBoot/SecureBoot.sdk/HelloWorld/bootimage/BOOT.mcs -w on
10:34:12 INFO  : Bootgen command execution is done.
10:51:22 INFO  : Registering command handlers for SDK TCF services
10:51:22 INFO  : Launching XSCT server: xsct -n -interactive /home/jltm/Documents/VivadoProjects/SecureBoot/SecureBoot.sdk/temp_xsdb_launch_script.tcl
10:51:23 INFO  : XSCT server has started successfully.
10:51:23 INFO  : Successfully done setting XSCT server connection channel  
10:51:23 INFO  : Successfully done setting SDK workspace  
10:51:23 INFO  : Processing command line option -hwspec /home/jltm/Documents/VivadoProjects/SecureBoot/SecureBoot.sdk/zybo_design_1_wrapper.hdf.
10:51:23 INFO  : Checking for hwspec changes in the project zybo_design_1_wrapper_hw_platform_0.
11:04:37 ERROR : Unexpected error while launching program.
java.lang.RuntimeException: Error while running ps7_init method.
No Elf file associated with target


	at com.xilinx.sdk.targetmanager.internal.TM.run_ps7_init(TM.java:1089)
	at com.xilinx.sdk.debug.core.XilinxAppLaunchConfigurationDelegate.runTargetSetup(XilinxAppLaunchConfigurationDelegate.java:514)
	at com.xilinx.sdk.debug.core.XilinxAppLaunchConfigurationDelegate.runApplication(XilinxAppLaunchConfigurationDelegate.java:616)
	at com.xilinx.sdk.debug.core.XilinxAppLaunchConfigurationDelegate.launch(XilinxAppLaunchConfigurationDelegate.java:309)
	at com.xilinx.sdk.debug.ui.XilinxAppLaunchDelegateWrapper.launch(XilinxAppLaunchDelegateWrapper.java:31)
	at org.eclipse.debug.internal.core.LaunchConfiguration.launch(LaunchConfiguration.java:885)
	at org.eclipse.debug.internal.core.LaunchConfiguration.launch(LaunchConfiguration.java:739)
	at org.eclipse.debug.internal.ui.DebugUIPlugin.buildAndLaunch(DebugUIPlugin.java:1039)
	at org.eclipse.debug.internal.ui.DebugUIPlugin$8.run(DebugUIPlugin.java:1256)
	at org.eclipse.core.internal.jobs.Worker.run(Worker.java:55)
11:05:02 ERROR : Unexpected error while launching program.
java.lang.RuntimeException: Error while running ps7_init method.
No Elf file associated with target


	at com.xilinx.sdk.targetmanager.internal.TM.run_ps7_init(TM.java:1089)
	at com.xilinx.sdk.debug.core.XilinxAppLaunchConfigurationDelegate.runTargetSetup(XilinxAppLaunchConfigurationDelegate.java:514)
	at com.xilinx.sdk.debug.core.XilinxAppLaunchConfigurationDelegate.debugApplication(XilinxAppLaunchConfigurationDelegate.java:701)
	at com.xilinx.sdk.debug.core.XilinxAppLaunchConfigurationDelegate.launch(XilinxAppLaunchConfigurationDelegate.java:311)
	at com.xilinx.sdk.debug.ui.XilinxAppLaunchDelegateWrapper.launch(XilinxAppLaunchDelegateWrapper.java:31)
	at org.eclipse.debug.internal.core.LaunchConfiguration.launch(LaunchConfiguration.java:885)
	at org.eclipse.debug.internal.core.LaunchConfiguration.launch(LaunchConfiguration.java:739)
	at org.eclipse.debug.internal.ui.DebugUIPlugin.buildAndLaunch(DebugUIPlugin.java:1039)
	at org.eclipse.debug.internal.ui.DebugUIPlugin$8.run(DebugUIPlugin.java:1256)
	at org.eclipse.core.internal.jobs.Worker.run(Worker.java:55)
11:06:29 ERROR : Unexpected error while launching program.
java.lang.RuntimeException: Error while running ps7_init method.
No Elf file associated with target


	at com.xilinx.sdk.targetmanager.internal.TM.run_ps7_init(TM.java:1089)
	at com.xilinx.sdk.debug.core.XilinxAppLaunchConfigurationDelegate.runTargetSetup(XilinxAppLaunchConfigurationDelegate.java:514)
	at com.xilinx.sdk.debug.core.XilinxAppLaunchConfigurationDelegate.runApplication(XilinxAppLaunchConfigurationDelegate.java:616)
	at com.xilinx.sdk.debug.core.XilinxAppLaunchConfigurationDelegate.launch(XilinxAppLaunchConfigurationDelegate.java:309)
	at com.xilinx.sdk.debug.ui.XilinxAppLaunchDelegateWrapper.launch(XilinxAppLaunchDelegateWrapper.java:31)
	at org.eclipse.debug.internal.core.LaunchConfiguration.launch(LaunchConfiguration.java:885)
	at org.eclipse.debug.internal.core.LaunchConfiguration.launch(LaunchConfiguration.java:739)
	at org.eclipse.debug.internal.ui.DebugUIPlugin.buildAndLaunch(DebugUIPlugin.java:1039)
	at org.eclipse.debug.internal.ui.DebugUIPlugin$8.run(DebugUIPlugin.java:1256)
	at org.eclipse.core.internal.jobs.Worker.run(Worker.java:55)
11:11:05 INFO  : Invoking Bootgen: bootgen -image HelloWorld.bif -arch zynq -o /home/jltm/Documents/VivadoProjects/SecureBoot/SecureBoot.sdk/HelloWorld/bootimage/BOOT.mcs -w on
11:11:05 INFO  : Bootgen command execution is done.
11:15:41 INFO  : Invoking Bootgen: bootgen -image HelloWorld.bif -arch zynq -o /home/jltm/Documents/VivadoProjects/SecureBoot/SecureBoot.sdk/HelloWorld/bootimage/BOOT.mcs
11:15:41 INFO  : Creating new bif file /home/jltm/Documents/VivadoProjects/SecureBoot/SecureBoot.sdk/HelloWorld/bootimage/HelloWorld.bif
11:15:41 INFO  : Bootgen command execution is done.
11:36:06 INFO  : Invoking Bootgen: bootgen -image HelloWorld.bif -arch zynq -o /home/jltm/Documents/VivadoProjects/SecureBoot/SecureBoot.sdk/HelloWorld/bootimage/BOOT.mcs -w on
11:36:07 INFO  : Bootgen command execution is done.
11:46:58 INFO  : Invoking Bootgen: bootgen -image HelloWorld.bif -arch zynq -o /home/jltm/Documents/VivadoProjects/SecureBoot/SecureBoot.sdk/HelloWorld/bootimage/BOOT.mcs -w on
11:46:59 INFO  : Bootgen command execution is done.
11:49:25 INFO  : Invoking Bootgen: bootgen -image HelloWorld.bif -arch zynq -o /home/jltm/Documents/VivadoProjects/SecureBoot/SecureBoot.sdk/HelloWorld/bootimage/BOOT.mcs -w on
11:49:26 INFO  : Bootgen command execution is done.
11:50:00 INFO  : Invoking Bootgen: bootgen -image HelloWorld.bif -arch zynq -o /home/jltm/Documents/VivadoProjects/SecureBoot/SecureBoot.sdk/HelloWorld/bootimage/BOOT.mcs -w on
11:50:01 INFO  : Bootgen command execution is done.
11:55:00 INFO  : Invoking Bootgen: bootgen -image HelloWorld.bif -arch zynq -o /home/jltm/Documents/VivadoProjects/SecureBoot/SecureBoot.sdk/HelloWorld/bootimage/BOOT.mcs -w on
11:55:00 INFO  : Bootgen command execution is done.
12:06:01 ERROR : Unexpected error while parsing XMD response ￿: com.google.gson.JsonSyntaxException: com.google.gson.stream.MalformedJsonException: invalid number or unquoted string near 
13:31:07 INFO  : Registering command handlers for SDK TCF services
13:31:08 INFO  : Launching XSCT server: xsct -n -interactive /home/jltm/Documents/VivadoProjects/SecureBoot/SecureBoot.sdk/temp_xsdb_launch_script.tcl
13:31:11 INFO  : XSCT server has started successfully.
13:31:11 INFO  : Successfully done setting XSCT server connection channel  
13:31:17 INFO  : Successfully done setting SDK workspace  
13:31:17 INFO  : Processing command line option -hwspec /home/jltm/Documents/VivadoProjects/SecureBoot/SecureBoot.sdk/zybo_design_1_wrapper.hdf.
13:31:17 INFO  : Checking for hwspec changes in the project zybo_design_1_wrapper_hw_platform_0.
13:45:22 INFO  : Registering command handlers for SDK TCF services
13:45:22 INFO  : Launching XSCT server: xsct -n -interactive /home/jltm/Documents/VivadoProjects/SecureBoot/SecureBoot.sdk/temp_xsdb_launch_script.tcl
13:45:23 INFO  : XSCT server has started successfully.
13:45:23 INFO  : Successfully done setting XSCT server connection channel  
13:45:23 INFO  : Successfully done setting SDK workspace  
13:45:23 INFO  : Processing command line option -hwspec /home/jltm/Documents/VivadoProjects/SecureBoot/SecureBoot.sdk/zybo_design_1_wrapper.hdf.
13:45:24 INFO  : Checking for hwspec changes in the project zybo_design_1_wrapper_hw_platform_0.
13:48:19 INFO  : Invoking Bootgen: bootgen -image HelloWorld.bif -arch zynq -o /home/jltm/Documents/VivadoProjects/SecureBoot/SecureBoot.sdk/HelloWorld/bootimage/BOOT.mcs -w on
13:48:20 INFO  : Bootgen command execution is done.
13:48:50 INFO  : Invoking Bootgen: bootgen -image HelloWorld.bif -arch zynq -o /home/jltm/Documents/VivadoProjects/SecureBoot/SecureBoot.sdk/HelloWorld/bootimage/BOOT.mcs -w on
13:48:50 INFO  : Bootgen command execution is done.
13:51:47 INFO  : Invoking Bootgen: bootgen -image HelloWorld.bif -arch zynq -o /home/jltm/Documents/VivadoProjects/SecureBoot/SecureBoot.sdk/HelloWorld/bootimage/BOOT.mcs -w on
13:51:47 INFO  : Bootgen command execution is done.
13:55:25 INFO  : Invoking Bootgen: bootgen -image HelloWorld.bif -arch zynq -o /home/jltm/Documents/VivadoProjects/SecureBoot/SecureBoot.sdk/HelloWorld/bootimage/BOOT.mcs -w on
13:55:25 INFO  : Bootgen command execution is done.
13:57:07 INFO  : Invoking Bootgen: bootgen -image HelloWorld.bif -arch zynq -o /home/jltm/Documents/VivadoProjects/SecureBoot/SecureBoot.sdk/HelloWorld/bootimage/BOOT.mcs -w on
13:57:07 INFO  : Bootgen command execution is done.
09:06:48 INFO  : Registering command handlers for SDK TCF services
09:06:49 INFO  : Launching XSCT server: xsct -n -interactive /home/jltm/Documents/VivadoProjects/SecureBoot/SecureBoot.sdk/temp_xsdb_launch_script.tcl
09:06:52 INFO  : XSCT server has started successfully.
09:06:52 INFO  : Successfully done setting XSCT server connection channel  
09:06:59 INFO  : Successfully done setting SDK workspace  
09:06:59 INFO  : Processing command line option -hwspec /home/jltm/Documents/VivadoProjects/SecureBoot/SecureBoot.sdk/zybo_design_1_wrapper.hdf.
09:06:59 INFO  : Checking for hwspec changes in the project zybo_design_1_wrapper_hw_platform_0.
09:10:38 INFO  : Invoking Bootgen: bootgen -image HelloWorld.bif -arch zynq -o /home/jltm/Documents/VivadoProjects/SecureBoot/SecureBoot.sdk/HelloWorld/bootimage/BOOT.bin
09:10:38 INFO  : Overwriting existing bif file /home/jltm/Documents/VivadoProjects/SecureBoot/SecureBoot.sdk/HelloWorld/bootimage/HelloWorld.bif
09:10:39 INFO  : Bootgen command execution is done.
09:13:43 INFO  : Registering command handlers for SDK TCF services
09:13:43 INFO  : Launching XSCT server: xsct -n -interactive /home/jltm/Documents/VivadoProjects/SecureBoot/SecureBoot.sdk/temp_xsdb_launch_script.tcl
09:13:44 INFO  : XSCT server has started successfully.
09:13:44 INFO  : Successfully done setting XSCT server connection channel  
09:13:44 INFO  : Successfully done setting SDK workspace  
09:13:44 INFO  : Processing command line option -hwspec /home/jltm/Documents/VivadoProjects/SecureBoot/SecureBoot.sdk/zybo_design_1_wrapper.hdf.
09:13:45 INFO  : Checking for hwspec changes in the project zybo_design_1_wrapper_hw_platform_0.
09:53:34 INFO  : Invoking Bootgen: bootgen -image HelloWorld.bif -arch zynq -o /home/jltm/Documents/VivadoProjects/SecureBoot/SecureBoot.sdk/HelloWorld/bootimage/BOOT.mcs -w on
09:53:34 INFO  : Overwriting existing bif file /home/jltm/Documents/VivadoProjects/SecureBoot/SecureBoot.sdk/HelloWorld/bootimage/HelloWorld.bif
09:53:34 INFO  : Bootgen command execution is done.
09:59:55 INFO  : Invoking Bootgen: bootgen -image HelloWorld.bif -arch zynq -o /home/jltm/Documents/VivadoProjects/SecureBoot/SecureBoot.sdk/HelloWorld/bootimage/BOOT.mcs -w on
09:59:55 INFO  : Bootgen command execution is done.
10:06:14 INFO  : Invoking Bootgen: bootgen -image HelloWorld.bif -arch zynq -o /home/jltm/Documents/VivadoProjects/SecureBoot/SecureBoot.sdk/HelloWorld/bootimage/BOOT.mcs -w on
10:06:15 INFO  : Bootgen command execution is done.
10:08:45 INFO  : Invoking Bootgen: bootgen -image HelloWorld.bif -arch zynq -o /home/jltm/Documents/VivadoProjects/SecureBoot/SecureBoot.sdk/HelloWorld/bootimage/BOOT.mcs -w on
10:08:46 INFO  : Bootgen command execution is done.
10:13:21 INFO  : Invoking Bootgen: bootgen -image HelloWorld.bif -arch zynq -o /home/jltm/Documents/VivadoProjects/SecureBoot/SecureBoot.sdk/HelloWorld/bootimage/BOOT.bin -w on
10:13:21 INFO  : Overwriting existing bif file /home/jltm/Documents/VivadoProjects/SecureBoot/SecureBoot.sdk/HelloWorld/bootimage/HelloWorld.bif
10:13:22 INFO  : Bootgen command execution is done.
10:15:26 INFO  : Invoking Bootgen: bootgen -image HelloWorld.bif -arch zynq -o /home/jltm/Documents/VivadoProjects/SecureBoot/SecureBoot.sdk/HelloWorld/bootimage/BOOT.bin -w on
10:15:26 INFO  : Bootgen command execution is done.
10:19:06 INFO  : Invoking Bootgen: bootgen -image HelloWorld.bif -arch zynq -o /home/jltm/Documents/VivadoProjects/SecureBoot/SecureBoot.sdk/HelloWorld/bootimage/BOOT.bin -w on
10:19:06 INFO  : Bootgen command execution is done.
10:21:11 INFO  : Invoking Bootgen: bootgen -image HelloWorld.bif -arch zynq -o /home/jltm/Documents/VivadoProjects/SecureBoot/SecureBoot.sdk/HelloWorld/bootimage/BOOT.bin -w on
10:21:12 INFO  : Bootgen command execution is done.
10:55:23 INFO  : Invoking Bootgen: bootgen -image HelloWorld.bif -arch zynq -o /home/jltm/Documents/VivadoProjects/SecureBoot/SecureBoot.sdk/HelloWorld/bootimage/BOOT.bin -w on
10:55:24 INFO  : Bootgen command execution is done.
10:58:10 INFO  : Invoking Bootgen: bootgen -image HelloWorld.bif -arch zynq -o /home/jltm/Documents/VivadoProjects/SecureBoot/SecureBoot.sdk/HelloWorld/bootimage/BOOT.bin -w on
10:58:10 INFO  : Bootgen command execution is done.
10:59:46 INFO  : Invoking Bootgen: bootgen -image HelloWorld.bif -arch zynq -o /home/jltm/Documents/VivadoProjects/SecureBoot/SecureBoot.sdk/HelloWorld/bootimage/BOOT.bin -w on
10:59:46 INFO  : Bootgen command execution is done.
11:01:25 INFO  : Invoking Bootgen: bootgen -image HelloWorld.bif -arch zynq -o /home/jltm/Documents/VivadoProjects/SecureBoot/SecureBoot.sdk/HelloWorld/bootimage/BOOT.bin -w on
11:01:25 INFO  : Bootgen command execution is done.
11:15:59 INFO  : Invoking Bootgen: bootgen -image HelloWorld.bif -arch zynq -o /home/jltm/Documents/VivadoProjects/SecureBoot/SecureBoot.sdk/HelloWorld/bootimage/BOOT.bin -w on
11:16:00 INFO  : Bootgen command execution is done.
11:53:27 INFO  : Invoking Bootgen: bootgen -image HelloWorld.bif -arch zynq -o /home/jltm/Documents/VivadoProjects/SecureBoot/SecureBoot.sdk/HelloWorld/bootimage/BOOT.bin -w on
11:53:28 INFO  : Bootgen command execution is done.
09:05:21 INFO  : Registering command handlers for SDK TCF services
09:05:22 INFO  : Launching XSCT server: xsct -n -interactive /home/jltm/Documents/VivadoProjects/SecureBoot/SecureBoot.sdk/temp_xsdb_launch_script.tcl
09:05:25 INFO  : XSCT server has started successfully.
09:05:32 INFO  : Successfully done setting XSCT server connection channel  
09:05:32 INFO  : Successfully done setting SDK workspace  
09:05:32 INFO  : Processing command line option -hwspec /home/jltm/Documents/VivadoProjects/SecureBoot/SecureBoot.sdk/zybo_design_1_wrapper.hdf.
09:05:32 INFO  : Checking for hwspec changes in the project zybo_design_1_wrapper_hw_platform_0.
09:19:13 INFO  : Invoking Bootgen: bootgen -image HelloWorld.bif -arch zynq -o /home/jltm/Documents/VivadoProjects/SecureBoot/SecureBoot.sdk/HelloWorld/bootimage/BOOT.bin -w on
09:19:14 INFO  : Bootgen command execution is done.
09:22:09 INFO  : Invoking Bootgen: bootgen -image HelloWorld.bif -arch zynq -o /home/jltm/Documents/VivadoProjects/SecureBoot/SecureBoot.sdk/HelloWorld/bootimage/BOOT.bin -w on
09:22:09 INFO  : Bootgen command execution is done.
09:26:28 INFO  : Invoking Bootgen: bootgen -image HelloWorld.bif -arch zynq -o /home/jltm/Documents/VivadoProjects/SecureBoot/SecureBoot.sdk/HelloWorld/bootimage/BOOT.bin -w on
09:26:29 INFO  : Bootgen command execution is done.
09:33:06 INFO  : Invoking Bootgen: bootgen -image HelloWorld.bif -arch zynq -o /home/jltm/Documents/VivadoProjects/SecureBoot/SecureBoot.sdk/HelloWorld/bootimage/BOOT.bin -w on
09:33:07 INFO  : Bootgen command execution is done.
09:38:34 INFO  : Invoking Bootgen: bootgen -image HelloWorld.bif -arch zynq -o /home/jltm/Documents/VivadoProjects/SecureBoot/SecureBoot.sdk/HelloWorld/bootimage/BOOT.bin -w on
09:38:34 INFO  : Bootgen command execution is done.
10:52:50 INFO  : Invoking Bootgen: bootgen -image HelloWorld.bif -arch zynq -o /home/jltm/Documents/VivadoProjects/SecureBoot/SecureBoot.sdk/HelloWorld/bootimage/BOOT.bin -w on
10:52:51 INFO  : Bootgen command execution is done.
10:58:46 INFO  : Invoking Bootgen: bootgen -image HelloWorld.bif -arch zynq -o /home/jltm/Documents/VivadoProjects/SecureBoot/SecureBoot.sdk/HelloWorld/bootimage/BOOT.bin -w on
10:58:46 INFO  : Bootgen command execution is done.
11:03:20 INFO  : Invoking Bootgen: bootgen -image HelloWorld.bif -arch zynq -o /home/jltm/Documents/VivadoProjects/SecureBoot/SecureBoot.sdk/HelloWorld/bootimage/BOOT.bin -w on
11:03:21 INFO  : Bootgen command execution is done.
11:04:58 INFO  : Invoking Bootgen: bootgen -image HelloWorld.bif -arch zynq -o /home/jltm/Documents/VivadoProjects/SecureBoot/SecureBoot.sdk/HelloWorld/bootimage/BOOT.bin -w on
11:04:58 INFO  : Bootgen command execution is done.
11:06:41 INFO  : Invoking Bootgen: bootgen -image HelloWorld.bif -arch zynq -o /home/jltm/Documents/VivadoProjects/SecureBoot/SecureBoot.sdk/HelloWorld/bootimage/BOOT.bin -w on
11:06:41 INFO  : Bootgen command execution is done.
11:08:37 INFO  : Invoking Bootgen: bootgen -image HelloWorld.bif -arch zynq -o /home/jltm/Documents/VivadoProjects/SecureBoot/SecureBoot.sdk/HelloWorld/bootimage/BOOT.bin -w on
11:08:37 INFO  : Bootgen command execution is done.
11:13:08 INFO  : Invoking Bootgen: bootgen -image HelloWorld.bif -arch zynq -o /home/jltm/Documents/VivadoProjects/SecureBoot/SecureBoot.sdk/HelloWorld/bootimage/BOOT.bin -w on
11:13:08 INFO  : Bootgen command execution is done.
11:13:23 INFO  : Invoking Bootgen: bootgen -image HelloWorld.bif -arch zynq -o /home/jltm/Documents/VivadoProjects/SecureBoot/SecureBoot.sdk/HelloWorld/bootimage/BOOT.bin -w on
11:13:24 INFO  : Bootgen command execution is done.
11:14:59 INFO  : Invoking Bootgen: bootgen -image HelloWorld.bif -arch zynq -o /home/jltm/Documents/VivadoProjects/SecureBoot/SecureBoot.sdk/HelloWorld/bootimage/BOOT.bin -w on
11:15:00 INFO  : Bootgen command execution is done.
11:26:05 INFO  : Invoking Bootgen: bootgen -image HelloWorld.bif -arch zynq -o /home/jltm/Documents/VivadoProjects/SecureBoot/SecureBoot.sdk/HelloWorld/bootimage/BOOT.bin -w on
11:26:06 INFO  : Bootgen command execution is done.
11:13:31 INFO  : Registering command handlers for SDK TCF services
11:13:32 INFO  : Launching XSCT server: xsct -n -interactive /home/jltm/Documents/VivadoProjects/SecureBoot/SecureBoot.sdk/temp_xsdb_launch_script.tcl
11:13:35 INFO  : XSCT server has started successfully.
11:13:38 INFO  : Successfully done setting XSCT server connection channel  
11:13:38 INFO  : Successfully done setting SDK workspace  
11:13:38 INFO  : Processing command line option -hwspec /home/jltm/Documents/VivadoProjects/SecureBoot/SecureBoot.sdk/zybo_design_1_wrapper.hdf.
11:13:38 INFO  : Checking for hwspec changes in the project zybo_design_1_wrapper_hw_platform_0.
09:29:36 INFO  : Launching XSCT server: xsct -n -interactive /home/jltm/Documents/VivadoProjects/SecureBoot/SecureBoot.sdk/temp_xsdb_launch_script.tcl
09:29:38 INFO  : XSCT server has started successfully.
09:29:38 INFO  : Successfully done setting XSCT server connection channel  
09:29:40 INFO  : Successfully done setting SDK workspace  
09:29:43 INFO  : Registering command handlers for SDK TCF services
09:29:48 INFO  : Processing command line option -hwspec /home/jltm/Documents/VivadoProjects/SecureBoot/SecureBoot.sdk/zybo_design_1_wrapper.hdf.
09:29:48 INFO  : Checking for hwspec changes in the project zybo_design_1_wrapper_hw_platform_0.
11:40:18 INFO  : Registering command handlers for SDK TCF services
11:40:19 INFO  : Launching XSCT server: xsct -n -interactive /home/jltm/Documents/VivadoProjects/SecureBoot/SecureBoot.sdk/temp_xsdb_launch_script.tcl
11:40:21 INFO  : XSCT server has started successfully.
11:40:21 INFO  : Successfully done setting XSCT server connection channel  
11:40:22 INFO  : Successfully done setting SDK workspace  
11:40:22 INFO  : Processing command line option -hwspec /home/jltm/Documents/VivadoProjects/SecureBoot/SecureBoot.sdk/zybo_design_1_wrapper.hdf.
11:40:22 INFO  : Checking for hwspec changes in the project zybo_design_1_wrapper_hw_platform_0.
11:40:25 INFO  : SDK has detected change in the last modified timestamps for source hardware specification file Source:1495708725000,  Project:1493719434000
11:40:25 INFO  : The hardware specification for project 'zybo_design_1_wrapper_hw_platform_0' is different from /home/jltm/Documents/VivadoProjects/SecureBoot/SecureBoot.sdk/zybo_design_1_wrapper.hdf.
11:40:25 INFO  : Copied contents of /home/jltm/Documents/VivadoProjects/SecureBoot/SecureBoot.sdk/zybo_design_1_wrapper.hdf into /zybo_design_1_wrapper_hw_platform_0/system.hdf.
11:40:28 INFO  : Synchronizing projects in the workspace with the hardware platform specification changes.
11:40:32 INFO  : 
11:40:33 INFO  : Updating hardware inferred compiler options for HelloWorld.
11:40:33 INFO  : Updating hardware inferred compiler options for fsbl.
11:40:33 INFO  : Clearing existing target manager status.
11:59:45 INFO  : Invoking Bootgen: bootgen -image HelloWorld.bif -arch zynq -o /home/jltm/Documents/VivadoProjects/SecureBoot/SecureBoot.sdk/HelloWorld/bootimage/BOOT.bin -w on
11:59:45 INFO  : Bootgen command execution is done.
12:07:48 ERROR : Unexpected error while parsing XMD response ￿: com.google.gson.JsonSyntaxException: com.google.gson.stream.MalformedJsonException: invalid number or unquoted string near 
